<?xml version="1.0" encoding="UTF-8"?>
<!-- Generated by org.testng.reporters.JUnitReportReporter -->
<testsuite hostname="SUMIT" failures="0" tests="1" name="test_pages.HomePageTest" time="6.807" errors="0" timestamp="2022-03-27T22:53:59 NPT" skipped="0">
  <testcase classname="test_pages.HomePageTest" name="baseNavigation" time="6.807"/>
  <system-out/>
</testsuite> <!-- test_pages.HomePageTest -->
