<?xml version="1.0" encoding="UTF-8"?>
<!-- Generated by org.testng.reporters.JUnitReportReporter -->
<testsuite hostname="Sumit" failures="0" tests="2" name="test_pages.LoginTest" time="25.924" errors="0" timestamp="2024-02-18T19:30:51 NZDT" skipped="0">
  <testcase classname="test_pages.LoginTest" name="validateLogin" time="22.636"/>
  <testcase classname="test_pages.LoginTest" name="validateLogin" time="3.288"/>
</testsuite> <!-- test_pages.LoginTest -->
