<?xml version="1.0" encoding="UTF-8"?>
<!-- Generated by org.testng.reporters.JUnitReportReporter -->
<testsuite hostname="Sumit" failures="0" tests="2" name="test_pages.LoginTest" time="3.265" errors="0" timestamp="2024-02-18T17:12:21 NZDT" skipped="0">
  <testcase classname="test_pages.LoginTest" name="goTologin" time="2.616"/>
  <testcase classname="test_pages.LoginTest" name="validateLogin" time="0.649"/>
</testsuite> <!-- test_pages.LoginTest -->
